Forwarding from 127.0.0.1:3000 -> 3000
Forwarding from [::1]:3000 -> 3000
Forwarding from 127.0.0.1:20001 -> 20001
Forwarding from [::1]:20001 -> 20001
Handling connection for 20001
Handling connection for 20001
Handling connection for 20001
Handling connection for 20001
Handling connection for 20001
Handling connection for 20001
Handling connection for 20001
Handling connection for 20001
Handling connection for 20001
Handling connection for 20001
Handling connection for 20001
Handling connection for 20001
Handling connection for 20001
Handling connection for 20001
Handling connection for 20001
Handling connection for 20001
Handling connection for 20001
Handling connection for 20001
Handling connection for 20001
Handling connection for 20001
Handling connection for 20001
Handling connection for 20001
Handling connection for 20001
Handling connection for 20001
Handling connection for 20001
Handling connection for 20001
Handling connection for 20001
Handling connection for 20001
Handling connection for 20001
Handling connection for 20001
Handling connection for 20001
Handling connection for 20001
Handling connection for 20001
Handling connection for 20001
Handling connection for 20001
Handling connection for 20001
Handling connection for 20001
Handling connection for 20001
Handling connection for 20001
Handling connection for 20001
Handling connection for 20001
Handling connection for 20001
Handling connection for 20001
Handling connection for 20001
Handling connection for 20001
Handling connection for 20001
Handling connection for 20001
Handling connection for 20001
Handling connection for 20001
Handling connection for 20001
Handling connection for 20001
Handling connection for 20001
Handling connection for 20001
Handling connection for 20001
Handling connection for 20001
Handling connection for 20001
Handling connection for 20001
Handling connection for 20001
Handling connection for 20001
Handling connection for 20001
Handling connection for 20001
Handling connection for 20001
Handling connection for 20001
Handling connection for 20001
Handling connection for 20001
Handling connection for 20001
Handling connection for 20001
Handling connection for 20001
Handling connection for 20001
Handling connection for 20001
Handling connection for 20001
Handling connection for 20001
Handling connection for 20001
Handling connection for 20001
Handling connection for 20001
Handling connection for 20001
Handling connection for 20001
Handling connection for 20001
Handling connection for 20001
Handling connection for 20001
Handling connection for 20001
Handling connection for 20001
Handling connection for 20001
Handling connection for 20001
Handling connection for 20001
Handling connection for 20001
Handling connection for 20001
Handling connection for 20001
Handling connection for 20001
Handling connection for 20001
Handling connection for 20001
Handling connection for 20001
Handling connection for 20001
Handling connection for 20001
Handling connection for 20001
Handling connection for 20001
Handling connection for 20001
Handling connection for 20001
Handling connection for 20001
Handling connection for 20001
Handling connection for 20001
Handling connection for 20001
Handling connection for 20001
Handling connection for 20001
Handling connection for 20001
Handling connection for 20001
Handling connection for 20001
E0414 20:05:38.068650    2160 portforward.go:233] lost connection to pod
E0414 20:05:38.101336    1980 portforward.go:233] lost connection to pod
error: unable to forward port because pod is not running. Current status=Pending
Forwarding from 127.0.0.1:20001 -> 20001
Forwarding from [::1]:20001 -> 20001
Handling connection for 20001
Handling connection for 20001
Handling connection for 20001
Handling connection for 20001
Handling connection for 20001
Handling connection for 20001
Handling connection for 20001
Handling connection for 20001
Handling connection for 20001
Handling connection for 20001
Handling connection for 20001
Handling connection for 20001
Handling connection for 20001
Handling connection for 20001
Handling connection for 20001
Handling connection for 20001
Handling connection for 20001
Handling connection for 20001
Handling connection for 20001
Handling connection for 20001
Handling connection for 20001
Handling connection for 20001
Handling connection for 20001
Handling connection for 20001
Handling connection for 20001
Handling connection for 20001
Handling connection for 20001
Handling connection for 20001
Handling connection for 20001
Handling connection for 20001
Handling connection for 20001
Handling connection for 20001
Handling connection for 20001
Handling connection for 20001
Handling connection for 20001
Handling connection for 20001
Handling connection for 20001
Handling connection for 20001
Handling connection for 20001
E0415 00:15:23.854174   18006 portforward.go:233] lost connection to pod
